<?xml version="1.0" encoding="UTF-8"?>
<testng-results ignored="0" total="1" passed="1" failed="0" skipped="0">
  <reporter-output>
  </reporter-output>
  <suite started-at="2021-07-06T18:37:09Z" name="Default suite" finished-at="2021-07-06T18:37:13Z" duration-ms="4008">
    <groups>
    </groups>
    <test started-at="2021-07-06T18:37:09Z" name="Default test" finished-at="2021-07-06T18:37:13Z" duration-ms="4008">
      <class name="POST">
        <test-method signature="Test_02_POST()[pri:0, instance:POST@2812b107]" started-at="2021-07-06T18:37:09Z" name="Test_02_POST" finished-at="2021-07-06T18:37:13Z" duration-ms="3964" status="PASS">
          <reporter-output>
          </reporter-output>
        </test-method> <!-- Test_02_POST -->
      </class> <!-- POST -->
    </test> <!-- Default test -->
  </suite> <!-- Default suite -->
</testng-results>
